{"/Users/harrisoncramer/Desktop/Code/projects/ts_cloture.app.backend/client/src/App.tsx": {"path":"/Users/harrisoncramer/Desktop/Code/projects/ts_cloture.app.backend/client/src/App.tsx","statementMap":{"0":{"start":{"line":10,"column":2},"end":{"line":16,"column":9}},"1":{"start":{"line":12,"column":4},"end":{"line":15,"column":5}},"2":{"start":{"line":13,"column":6},"end":{"line":13,"column":75}},"3":{"start":{"line":14,"column":6},"end":{"line":14,"column":28}},"4":{"start":{"line":18,"column":2},"end":{"line":22,"column":4}}},"fnMap":{"0":{"name":"App","decl":{"start":{"line":9,"column":9},"end":{"line":9,"column":12}},"loc":{"start":{"line":9,"column":15},"end":{"line":23,"column":1}},"line":9},"1":{"name":"(anonymous_1)","decl":{"start":{"line":10,"column":12},"end":{"line":10,"column":13}},"loc":{"start":{"line":10,"column":18},"end":{"line":16,"column":3}},"line":10}},"branchMap":{"0":{"loc":{"start":{"line":12,"column":4},"end":{"line":15,"column":5}},"type":"if","locations":[{"start":{"line":12,"column":4},"end":{"line":15,"column":5}},{"start":{"line":12,"column":4},"end":{"line":15,"column":5}}],"line":12}},"s":{"0":1,"1":1,"2":0,"3":0,"4":1},"f":{"0":1,"1":1},"b":{"0":[0,1]},"_coverageSchema":"43e27e138ebf9cfc5966b082cf9a028302ed4184","hash":"9b1a19fcf37bdd9e6ea969c66e9a8bc80b84d174"}
,"/Users/harrisoncramer/Desktop/Code/projects/ts_cloture.app.backend/client/src/index.tsx": {"path":"/Users/harrisoncramer/Desktop/Code/projects/ts_cloture.app.backend/client/src/index.tsx","statementMap":{"0":{"start":{"line":5,"column":0},"end":{"line":10,"column":2}}},"fnMap":{},"branchMap":{},"s":{"0":0},"f":{},"b":{},"hash":"e834386b3030fae33a969d3b6d07145ce69678c3"}
,"/Users/harrisoncramer/Desktop/Code/projects/ts_cloture.app.backend/client/src/components/Footer/index.tsx": {"path":"/Users/harrisoncramer/Desktop/Code/projects/ts_cloture.app.backend/client/src/components/Footer/index.tsx","statementMap":{"0":{"start":{"line":7,"column":15},"end":{"line":9,"column":1}},"1":{"start":{"line":8,"column":2},"end":{"line":8,"column":73}}},"fnMap":{"0":{"name":"(anonymous_0)","decl":{"start":{"line":7,"column":15},"end":{"line":7,"column":16}},"loc":{"start":{"line":7,"column":39},"end":{"line":9,"column":1}},"line":7}},"branchMap":{},"s":{"0":2,"1":2},"f":{"0":2},"b":{},"_coverageSchema":"43e27e138ebf9cfc5966b082cf9a028302ed4184","hash":"1b91042e61c03cc1be6d444d32cf6e2d46aabca5"}
,"/Users/harrisoncramer/Desktop/Code/projects/ts_cloture.app.backend/client/src/components/Header/index.tsx": {"path":"/Users/harrisoncramer/Desktop/Code/projects/ts_cloture.app.backend/client/src/components/Header/index.tsx","statementMap":{"0":{"start":{"line":11,"column":15},"end":{"line":65,"column":1}},"1":{"start":{"line":12,"column":38},"end":{"line":12,"column":53}},"2":{"start":{"line":14,"column":23},"end":{"line":16,"column":3}},"3":{"start":{"line":15,"column":4},"end":{"line":15,"column":22}},"4":{"start":{"line":18,"column":29},"end":{"line":20,"column":3}},"5":{"start":{"line":19,"column":4},"end":{"line":19,"column":31}},"6":{"start":{"line":22,"column":2},"end":{"line":64,"column":4}}},"fnMap":{"0":{"name":"Header","decl":{"start":{"line":11,"column":24},"end":{"line":11,"column":30}},"loc":{"start":{"line":11,"column":33},"end":{"line":65,"column":1}},"line":11},"1":{"name":"(anonymous_1)","decl":{"start":{"line":14,"column":23},"end":{"line":14,"column":24}},"loc":{"start":{"line":14,"column":29},"end":{"line":16,"column":3}},"line":14},"2":{"name":"(anonymous_2)","decl":{"start":{"line":18,"column":29},"end":{"line":18,"column":30}},"loc":{"start":{"line":18,"column":35},"end":{"line":20,"column":3}},"line":18}},"branchMap":{},"s":{"0":2,"1":5,"2":5,"3":0,"4":5,"5":1,"6":5},"f":{"0":5,"1":0,"2":1},"b":{},"_coverageSchema":"43e27e138ebf9cfc5966b082cf9a028302ed4184","hash":"1dd04fcfe4709da00b5906445e619abaf0dff3b2"}
,"/Users/harrisoncramer/Desktop/Code/projects/ts_cloture.app.backend/client/src/components/Header/links.tsx": {"path":"/Users/harrisoncramer/Desktop/Code/projects/ts_cloture.app.backend/client/src/components/Header/links.tsx","statementMap":{"0":{"start":{"line":18,"column":25},"end":{"line":21,"column":3}},"1":{"start":{"line":19,"column":4},"end":{"line":19,"column":25}},"2":{"start":{"line":20,"column":4},"end":{"line":20,"column":23}},"3":{"start":{"line":23,"column":2},"end":{"line":33,"column":4}},"4":{"start":{"line":26,"column":8},"end":{"line":30,"column":19}},"5":{"start":{"line":26,"column":51},"end":{"line":26,"column":71}}},"fnMap":{"0":{"name":"Links","decl":{"start":{"line":14,"column":24},"end":{"line":14,"column":29}},"loc":{"start":{"line":17,"column":31},"end":{"line":34,"column":1}},"line":17},"1":{"name":"(anonymous_1)","decl":{"start":{"line":18,"column":25},"end":{"line":18,"column":26}},"loc":{"start":{"line":18,"column":49},"end":{"line":21,"column":3}},"line":18},"2":{"name":"(anonymous_2)","decl":{"start":{"line":25,"column":17},"end":{"line":25,"column":18}},"loc":{"start":{"line":26,"column":8},"end":{"line":30,"column":19}},"line":26},"3":{"name":"(anonymous_3)","decl":{"start":{"line":26,"column":45},"end":{"line":26,"column":46}},"loc":{"start":{"line":26,"column":51},"end":{"line":26,"column":71}},"line":26}},"branchMap":{},"s":{"0":7,"1":1,"2":1,"3":7,"4":19,"5":1},"f":{"0":7,"1":1,"2":19,"3":1},"b":{},"_coverageSchema":"43e27e138ebf9cfc5966b082cf9a028302ed4184","hash":"4c427c694933e8120799d040747f896d51432e66"}
,"/Users/harrisoncramer/Desktop/Code/projects/ts_cloture.app.backend/client/src/components/ViewWrapper/index.tsx": {"path":"/Users/harrisoncramer/Desktop/Code/projects/ts_cloture.app.backend/client/src/components/ViewWrapper/index.tsx","statementMap":{"0":{"start":{"line":9,"column":20},"end":{"line":17,"column":1}},"1":{"start":{"line":10,"column":2},"end":{"line":16,"column":4}}},"fnMap":{"0":{"name":"(anonymous_0)","decl":{"start":{"line":9,"column":20},"end":{"line":9,"column":21}},"loc":{"start":{"line":9,"column":52},"end":{"line":17,"column":1}},"line":9}},"branchMap":{},"s":{"0":1,"1":1},"f":{"0":1},"b":{},"_coverageSchema":"43e27e138ebf9cfc5966b082cf9a028302ed4184","hash":"bcaa1a1e4b6525085b51f1288548b8a576a8758c"}
,"/Users/harrisoncramer/Desktop/Code/projects/ts_cloture.app.backend/client/src/graphql/client.ts": {"path":"/Users/harrisoncramer/Desktop/Code/projects/ts_cloture.app.backend/client/src/graphql/client.ts","statementMap":{"0":{"start":{"line":10,"column":15},"end":{"line":29,"column":2}},"1":{"start":{"line":13,"column":6},"end":{"line":18,"column":10}},"2":{"start":{"line":14,"column":8},"end":{"line":18,"column":10}},"3":{"start":{"line":15,"column":10},"end":{"line":17,"column":11}},"4":{"start":{"line":19,"column":6},"end":{"line":19,"column":72}},"5":{"start":{"line":19,"column":24},"end":{"line":19,"column":72}}},"fnMap":{"0":{"name":"(anonymous_0)","decl":{"start":{"line":12,"column":12},"end":{"line":12,"column":13}},"loc":{"start":{"line":12,"column":49},"end":{"line":20,"column":5}},"line":12},"1":{"name":"(anonymous_1)","decl":{"start":{"line":14,"column":30},"end":{"line":14,"column":31}},"loc":{"start":{"line":15,"column":10},"end":{"line":17,"column":11}},"line":15}},"branchMap":{"0":{"loc":{"start":{"line":13,"column":6},"end":{"line":18,"column":10}},"type":"if","locations":[{"start":{"line":13,"column":6},"end":{"line":18,"column":10}},{"start":{"line":13,"column":6},"end":{"line":18,"column":10}}],"line":13},"1":{"loc":{"start":{"line":19,"column":6},"end":{"line":19,"column":72}},"type":"if","locations":[{"start":{"line":19,"column":6},"end":{"line":19,"column":72}},{"start":{"line":19,"column":6},"end":{"line":19,"column":72}}],"line":19}},"s":{"0":1,"1":0,"2":0,"3":0,"4":0,"5":0},"f":{"0":0,"1":0},"b":{"0":[0,0],"1":[0,0]},"_coverageSchema":"43e27e138ebf9cfc5966b082cf9a028302ed4184","hash":"3a63e15ddf005c1d319926a264ed53f8bed6a75e"}
,"/Users/harrisoncramer/Desktop/Code/projects/ts_cloture.app.backend/client/src/history/index.ts": {"path":"/Users/harrisoncramer/Desktop/Code/projects/ts_cloture.app.backend/client/src/history/index.ts","statementMap":{"0":{"start":{"line":3,"column":16},"end":{"line":3,"column":38}}},"fnMap":{},"branchMap":{},"s":{"0":2},"f":{},"b":{},"_coverageSchema":"43e27e138ebf9cfc5966b082cf9a028302ed4184","hash":"e1d7e1d4a5b6bb89242540ca048502f3851b8aca"}
,"/Users/harrisoncramer/Desktop/Code/projects/ts_cloture.app.backend/client/src/routers/index.tsx": {"path":"/Users/harrisoncramer/Desktop/Code/projects/ts_cloture.app.backend/client/src/routers/index.tsx","statementMap":{"0":{"start":{"line":11,"column":18},"end":{"line":19,"column":1}},"1":{"start":{"line":12,"column":2},"end":{"line":18,"column":11}},"2":{"start":{"line":14,"column":42},"end":{"line":14,"column":74}},"3":{"start":{"line":15,"column":41},"end":{"line":15,"column":69}},"4":{"start":{"line":16,"column":27},"end":{"line":16,"column":58}}},"fnMap":{"0":{"name":"(anonymous_0)","decl":{"start":{"line":11,"column":18},"end":{"line":11,"column":19}},"loc":{"start":{"line":12,"column":2},"end":{"line":18,"column":11}},"line":12},"1":{"name":"(anonymous_1)","decl":{"start":{"line":14,"column":36},"end":{"line":14,"column":37}},"loc":{"start":{"line":14,"column":42},"end":{"line":14,"column":74}},"line":14},"2":{"name":"(anonymous_2)","decl":{"start":{"line":15,"column":35},"end":{"line":15,"column":36}},"loc":{"start":{"line":15,"column":41},"end":{"line":15,"column":69}},"line":15},"3":{"name":"(anonymous_3)","decl":{"start":{"line":16,"column":21},"end":{"line":16,"column":22}},"loc":{"start":{"line":16,"column":27},"end":{"line":16,"column":58}},"line":16}},"branchMap":{},"s":{"0":1,"1":1,"2":1,"3":0,"4":0},"f":{"0":1,"1":1,"2":0,"3":0},"b":{},"_coverageSchema":"43e27e138ebf9cfc5966b082cf9a028302ed4184","hash":"89e96664423a21ab6e467d2e2c09fff5794f6a99"}
,"/Users/harrisoncramer/Desktop/Code/projects/ts_cloture.app.backend/client/src/views/About/index.tsx": {"path":"/Users/harrisoncramer/Desktop/Code/projects/ts_cloture.app.backend/client/src/views/About/index.tsx","statementMap":{"0":{"start":{"line":5,"column":14},"end":{"line":7,"column":1}},"1":{"start":{"line":6,"column":2},"end":{"line":6,"column":50}}},"fnMap":{"0":{"name":"(anonymous_0)","decl":{"start":{"line":5,"column":14},"end":{"line":5,"column":15}},"loc":{"start":{"line":5,"column":37},"end":{"line":7,"column":1}},"line":5}},"branchMap":{},"s":{"0":2,"1":1},"f":{"0":1},"b":{},"_coverageSchema":"43e27e138ebf9cfc5966b082cf9a028302ed4184","hash":"b1177d1876fcbdfe8a6aae8fd5a5c0e261ed250e"}
,"/Users/harrisoncramer/Desktop/Code/projects/ts_cloture.app.backend/client/src/views/Dashboard/index.tsx": {"path":"/Users/harrisoncramer/Desktop/Code/projects/ts_cloture.app.backend/client/src/views/Dashboard/index.tsx","statementMap":{"0":{"start":{"line":5,"column":18},"end":{"line":118,"column":1}},"1":{"start":{"line":6,"column":2},"end":{"line":117,"column":4}}},"fnMap":{"0":{"name":"(anonymous_0)","decl":{"start":{"line":5,"column":18},"end":{"line":5,"column":19}},"loc":{"start":{"line":5,"column":45},"end":{"line":118,"column":1}},"line":5}},"branchMap":{},"s":{"0":2,"1":2},"f":{"0":2},"b":{},"_coverageSchema":"43e27e138ebf9cfc5966b082cf9a028302ed4184","hash":"f348859726d329b6d9b78689d795fffe984062f8"}
,"/Users/harrisoncramer/Desktop/Code/projects/ts_cloture.app.backend/client/src/views/NotFound/index.tsx": {"path":"/Users/harrisoncramer/Desktop/Code/projects/ts_cloture.app.backend/client/src/views/NotFound/index.tsx","statementMap":{"0":{"start":{"line":5,"column":17},"end":{"line":7,"column":1}},"1":{"start":{"line":6,"column":2},"end":{"line":6,"column":56}}},"fnMap":{"0":{"name":"(anonymous_0)","decl":{"start":{"line":5,"column":17},"end":{"line":5,"column":18}},"loc":{"start":{"line":5,"column":43},"end":{"line":7,"column":1}},"line":5}},"branchMap":{},"s":{"0":2,"1":1},"f":{"0":1},"b":{},"_coverageSchema":"43e27e138ebf9cfc5966b082cf9a028302ed4184","hash":"12fe461c5a9da8e3a69454ed1e9e579e2f9340b9"}
}
