{"/Users/harrisoncramer/Desktop/Code/projects/ts_cloture.app.backend/client/src/App.tsx": {"path":"/Users/harrisoncramer/Desktop/Code/projects/ts_cloture.app.backend/client/src/App.tsx","statementMap":{"0":{"start":{"line":10,"column":2},"end":{"line":16,"column":9}},"1":{"start":{"line":12,"column":4},"end":{"line":15,"column":5}},"2":{"start":{"line":13,"column":6},"end":{"line":13,"column":75}},"3":{"start":{"line":14,"column":6},"end":{"line":14,"column":28}},"4":{"start":{"line":18,"column":2},"end":{"line":22,"column":4}}},"fnMap":{"0":{"name":"App","decl":{"start":{"line":9,"column":9},"end":{"line":9,"column":12}},"loc":{"start":{"line":9,"column":15},"end":{"line":23,"column":1}},"line":9},"1":{"name":"(anonymous_1)","decl":{"start":{"line":10,"column":12},"end":{"line":10,"column":13}},"loc":{"start":{"line":10,"column":18},"end":{"line":16,"column":3}},"line":10}},"branchMap":{"0":{"loc":{"start":{"line":12,"column":4},"end":{"line":15,"column":5}},"type":"if","locations":[{"start":{"line":12,"column":4},"end":{"line":15,"column":5}},{"start":{"line":12,"column":4},"end":{"line":15,"column":5}}],"line":12}},"s":{"0":1,"1":1,"2":0,"3":0,"4":1},"f":{"0":1,"1":1},"b":{"0":[0,1]},"_coverageSchema":"43e27e138ebf9cfc5966b082cf9a028302ed4184","hash":"9b1a19fcf37bdd9e6ea969c66e9a8bc80b84d174"}
,"/Users/harrisoncramer/Desktop/Code/projects/ts_cloture.app.backend/client/src/index.tsx": {"path":"/Users/harrisoncramer/Desktop/Code/projects/ts_cloture.app.backend/client/src/index.tsx","statementMap":{"0":{"start":{"line":5,"column":0},"end":{"line":10,"column":2}}},"fnMap":{},"branchMap":{},"s":{"0":0},"f":{},"b":{},"hash":"e834386b3030fae33a969d3b6d07145ce69678c3"}
,"/Users/harrisoncramer/Desktop/Code/projects/ts_cloture.app.backend/client/src/components/Footer/index.tsx": {"path":"/Users/harrisoncramer/Desktop/Code/projects/ts_cloture.app.backend/client/src/components/Footer/index.tsx","statementMap":{"0":{"start":{"line":7,"column":15},"end":{"line":13,"column":1}},"1":{"start":{"line":8,"column":2},"end":{"line":12,"column":4}}},"fnMap":{"0":{"name":"(anonymous_0)","decl":{"start":{"line":7,"column":15},"end":{"line":7,"column":16}},"loc":{"start":{"line":7,"column":39},"end":{"line":13,"column":1}},"line":7}},"branchMap":{},"s":{"0":2,"1":2},"f":{"0":2},"b":{},"_coverageSchema":"43e27e138ebf9cfc5966b082cf9a028302ed4184","hash":"a9d7aa007d35da78932543d0bef507b0ae107dec"}
,"/Users/harrisoncramer/Desktop/Code/projects/ts_cloture.app.backend/client/src/components/Header/index.tsx": {"path":"/Users/harrisoncramer/Desktop/Code/projects/ts_cloture.app.backend/client/src/components/Header/index.tsx","statementMap":{"0":{"start":{"line":10,"column":15},"end":{"line":55,"column":2}},"1":{"start":{"line":11,"column":38},"end":{"line":11,"column":53}},"2":{"start":{"line":13,"column":23},"end":{"line":15,"column":3}},"3":{"start":{"line":14,"column":4},"end":{"line":14,"column":22}},"4":{"start":{"line":18,"column":4},"end":{"line":18,"column":31}},"5":{"start":{"line":21,"column":2},"end":{"line":54,"column":4}}},"fnMap":{"0":{"name":"Header","decl":{"start":{"line":10,"column":35},"end":{"line":10,"column":41}},"loc":{"start":{"line":10,"column":49},"end":{"line":55,"column":1}},"line":10},"1":{"name":"(anonymous_1)","decl":{"start":{"line":13,"column":23},"end":{"line":13,"column":24}},"loc":{"start":{"line":13,"column":29},"end":{"line":15,"column":3}},"line":13},"2":{"name":"handleDrawerToggle","decl":{"start":{"line":17,"column":11},"end":{"line":17,"column":29}},"loc":{"start":{"line":17,"column":32},"end":{"line":19,"column":3}},"line":17}},"branchMap":{},"s":{"0":2,"1":4,"2":4,"3":0,"4":1,"5":4},"f":{"0":4,"1":0,"2":1},"b":{},"_coverageSchema":"43e27e138ebf9cfc5966b082cf9a028302ed4184","hash":"e66cfa86559de88d0d5f92e329b6c6813ab8df9d"}
,"/Users/harrisoncramer/Desktop/Code/projects/ts_cloture.app.backend/client/src/components/Header/links.tsx": {"path":"/Users/harrisoncramer/Desktop/Code/projects/ts_cloture.app.backend/client/src/components/Header/links.tsx","statementMap":{"0":{"start":{"line":18,"column":25},"end":{"line":21,"column":3}},"1":{"start":{"line":19,"column":4},"end":{"line":19,"column":25}},"2":{"start":{"line":20,"column":4},"end":{"line":20,"column":23}},"3":{"start":{"line":23,"column":2},"end":{"line":33,"column":4}},"4":{"start":{"line":26,"column":8},"end":{"line":30,"column":19}},"5":{"start":{"line":26,"column":51},"end":{"line":26,"column":71}}},"fnMap":{"0":{"name":"Links","decl":{"start":{"line":14,"column":24},"end":{"line":14,"column":29}},"loc":{"start":{"line":17,"column":31},"end":{"line":34,"column":1}},"line":17},"1":{"name":"(anonymous_1)","decl":{"start":{"line":18,"column":25},"end":{"line":18,"column":26}},"loc":{"start":{"line":18,"column":49},"end":{"line":21,"column":3}},"line":18},"2":{"name":"(anonymous_2)","decl":{"start":{"line":25,"column":17},"end":{"line":25,"column":18}},"loc":{"start":{"line":26,"column":8},"end":{"line":30,"column":19}},"line":26},"3":{"name":"(anonymous_3)","decl":{"start":{"line":26,"column":45},"end":{"line":26,"column":46}},"loc":{"start":{"line":26,"column":51},"end":{"line":26,"column":71}},"line":26}},"branchMap":{},"s":{"0":4,"1":0,"2":0,"3":4,"4":12,"5":0},"f":{"0":4,"1":0,"2":12,"3":0},"b":{},"_coverageSchema":"43e27e138ebf9cfc5966b082cf9a028302ed4184","hash":"4c427c694933e8120799d040747f896d51432e66"}
,"/Users/harrisoncramer/Desktop/Code/projects/ts_cloture.app.backend/client/src/components/ViewWrapper/index.tsx": {"path":"/Users/harrisoncramer/Desktop/Code/projects/ts_cloture.app.backend/client/src/components/ViewWrapper/index.tsx","statementMap":{"0":{"start":{"line":9,"column":20},"end":{"line":17,"column":1}},"1":{"start":{"line":10,"column":2},"end":{"line":16,"column":4}}},"fnMap":{"0":{"name":"(anonymous_0)","decl":{"start":{"line":9,"column":20},"end":{"line":9,"column":21}},"loc":{"start":{"line":9,"column":52},"end":{"line":17,"column":1}},"line":9}},"branchMap":{},"s":{"0":1,"1":1},"f":{"0":1},"b":{},"_coverageSchema":"43e27e138ebf9cfc5966b082cf9a028302ed4184","hash":"bcaa1a1e4b6525085b51f1288548b8a576a8758c"}
,"/Users/harrisoncramer/Desktop/Code/projects/ts_cloture.app.backend/client/src/graphql/client.ts": {"path":"/Users/harrisoncramer/Desktop/Code/projects/ts_cloture.app.backend/client/src/graphql/client.ts","statementMap":{"0":{"start":{"line":10,"column":15},"end":{"line":29,"column":2}},"1":{"start":{"line":13,"column":6},"end":{"line":18,"column":10}},"2":{"start":{"line":14,"column":8},"end":{"line":18,"column":10}},"3":{"start":{"line":15,"column":10},"end":{"line":17,"column":11}},"4":{"start":{"line":19,"column":6},"end":{"line":19,"column":72}},"5":{"start":{"line":19,"column":24},"end":{"line":19,"column":72}}},"fnMap":{"0":{"name":"(anonymous_0)","decl":{"start":{"line":12,"column":12},"end":{"line":12,"column":13}},"loc":{"start":{"line":12,"column":49},"end":{"line":20,"column":5}},"line":12},"1":{"name":"(anonymous_1)","decl":{"start":{"line":14,"column":30},"end":{"line":14,"column":31}},"loc":{"start":{"line":15,"column":10},"end":{"line":17,"column":11}},"line":15}},"branchMap":{"0":{"loc":{"start":{"line":13,"column":6},"end":{"line":18,"column":10}},"type":"if","locations":[{"start":{"line":13,"column":6},"end":{"line":18,"column":10}},{"start":{"line":13,"column":6},"end":{"line":18,"column":10}}],"line":13},"1":{"loc":{"start":{"line":19,"column":6},"end":{"line":19,"column":72}},"type":"if","locations":[{"start":{"line":19,"column":6},"end":{"line":19,"column":72}},{"start":{"line":19,"column":6},"end":{"line":19,"column":72}}],"line":19}},"s":{"0":1,"1":0,"2":0,"3":0,"4":0,"5":0},"f":{"0":0,"1":0},"b":{"0":[0,0],"1":[0,0]},"_coverageSchema":"43e27e138ebf9cfc5966b082cf9a028302ed4184","hash":"3a63e15ddf005c1d319926a264ed53f8bed6a75e"}
,"/Users/harrisoncramer/Desktop/Code/projects/ts_cloture.app.backend/client/src/history/index.ts": {"path":"/Users/harrisoncramer/Desktop/Code/projects/ts_cloture.app.backend/client/src/history/index.ts","statementMap":{"0":{"start":{"line":3,"column":16},"end":{"line":3,"column":38}}},"fnMap":{},"branchMap":{},"s":{"0":2},"f":{},"b":{},"_coverageSchema":"43e27e138ebf9cfc5966b082cf9a028302ed4184","hash":"e1d7e1d4a5b6bb89242540ca048502f3851b8aca"}
,"/Users/harrisoncramer/Desktop/Code/projects/ts_cloture.app.backend/client/src/routers/index.tsx": {"path":"/Users/harrisoncramer/Desktop/Code/projects/ts_cloture.app.backend/client/src/routers/index.tsx","statementMap":{"0":{"start":{"line":13,"column":18},"end":{"line":22,"column":1}},"1":{"start":{"line":14,"column":2},"end":{"line":21,"column":11}},"2":{"start":{"line":16,"column":42},"end":{"line":16,"column":74}},"3":{"start":{"line":17,"column":44},"end":{"line":17,"column":75}},"4":{"start":{"line":18,"column":41},"end":{"line":18,"column":69}},"5":{"start":{"line":19,"column":27},"end":{"line":19,"column":58}}},"fnMap":{"0":{"name":"(anonymous_0)","decl":{"start":{"line":13,"column":18},"end":{"line":13,"column":19}},"loc":{"start":{"line":14,"column":2},"end":{"line":21,"column":11}},"line":14},"1":{"name":"(anonymous_1)","decl":{"start":{"line":16,"column":36},"end":{"line":16,"column":37}},"loc":{"start":{"line":16,"column":42},"end":{"line":16,"column":74}},"line":16},"2":{"name":"(anonymous_2)","decl":{"start":{"line":17,"column":38},"end":{"line":17,"column":39}},"loc":{"start":{"line":17,"column":44},"end":{"line":17,"column":75}},"line":17},"3":{"name":"(anonymous_3)","decl":{"start":{"line":18,"column":35},"end":{"line":18,"column":36}},"loc":{"start":{"line":18,"column":41},"end":{"line":18,"column":69}},"line":18},"4":{"name":"(anonymous_4)","decl":{"start":{"line":19,"column":21},"end":{"line":19,"column":22}},"loc":{"start":{"line":19,"column":27},"end":{"line":19,"column":58}},"line":19}},"branchMap":{},"s":{"0":1,"1":1,"2":1,"3":0,"4":0,"5":0},"f":{"0":1,"1":1,"2":0,"3":0,"4":0},"b":{},"_coverageSchema":"43e27e138ebf9cfc5966b082cf9a028302ed4184","hash":"03f65cc7ca6083fd133d190e16d7117915cdfbf0"}
,"/Users/harrisoncramer/Desktop/Code/projects/ts_cloture.app.backend/client/src/views/About/index.tsx": {"path":"/Users/harrisoncramer/Desktop/Code/projects/ts_cloture.app.backend/client/src/views/About/index.tsx","statementMap":{"0":{"start":{"line":5,"column":14},"end":{"line":117,"column":1}},"1":{"start":{"line":6,"column":2},"end":{"line":116,"column":4}}},"fnMap":{"0":{"name":"(anonymous_0)","decl":{"start":{"line":5,"column":14},"end":{"line":5,"column":15}},"loc":{"start":{"line":5,"column":37},"end":{"line":117,"column":1}},"line":5}},"branchMap":{},"s":{"0":2,"1":1},"f":{"0":1},"b":{},"_coverageSchema":"43e27e138ebf9cfc5966b082cf9a028302ed4184","hash":"7dfa78e84c531cba1cadbc38672e86eb89bfa1b1"}
,"/Users/harrisoncramer/Desktop/Code/projects/ts_cloture.app.backend/client/src/views/Calendar/index.tsx": {"path":"/Users/harrisoncramer/Desktop/Code/projects/ts_cloture.app.backend/client/src/views/Calendar/index.tsx","statementMap":{"0":{"start":{"line":5,"column":17},"end":{"line":118,"column":1}},"1":{"start":{"line":6,"column":2},"end":{"line":117,"column":4}}},"fnMap":{"0":{"name":"(anonymous_0)","decl":{"start":{"line":5,"column":17},"end":{"line":5,"column":18}},"loc":{"start":{"line":5,"column":43},"end":{"line":118,"column":1}},"line":5}},"branchMap":{},"s":{"0":2,"1":1},"f":{"0":1},"b":{},"_coverageSchema":"43e27e138ebf9cfc5966b082cf9a028302ed4184","hash":"d2d8996bba586f52d1b5ff91f1a1d51329cfd260"}
,"/Users/harrisoncramer/Desktop/Code/projects/ts_cloture.app.backend/client/src/views/Dashboard/index.tsx": {"path":"/Users/harrisoncramer/Desktop/Code/projects/ts_cloture.app.backend/client/src/views/Dashboard/index.tsx","statementMap":{"0":{"start":{"line":5,"column":18},"end":{"line":118,"column":1}},"1":{"start":{"line":6,"column":2},"end":{"line":117,"column":4}}},"fnMap":{"0":{"name":"(anonymous_0)","decl":{"start":{"line":5,"column":18},"end":{"line":5,"column":19}},"loc":{"start":{"line":5,"column":45},"end":{"line":118,"column":1}},"line":5}},"branchMap":{},"s":{"0":2,"1":2},"f":{"0":2},"b":{},"_coverageSchema":"43e27e138ebf9cfc5966b082cf9a028302ed4184","hash":"f348859726d329b6d9b78689d795fffe984062f8"}
,"/Users/harrisoncramer/Desktop/Code/projects/ts_cloture.app.backend/client/src/views/NotFound/index.tsx": {"path":"/Users/harrisoncramer/Desktop/Code/projects/ts_cloture.app.backend/client/src/views/NotFound/index.tsx","statementMap":{"0":{"start":{"line":5,"column":17},"end":{"line":7,"column":1}},"1":{"start":{"line":6,"column":2},"end":{"line":6,"column":30}}},"fnMap":{"0":{"name":"(anonymous_0)","decl":{"start":{"line":5,"column":17},"end":{"line":5,"column":18}},"loc":{"start":{"line":5,"column":43},"end":{"line":7,"column":1}},"line":5}},"branchMap":{},"s":{"0":2,"1":1},"f":{"0":1},"b":{},"_coverageSchema":"43e27e138ebf9cfc5966b082cf9a028302ed4184","hash":"96154a068bcc3cd6a601328375956315cbaaf74b"}
}
