TN:
SF:/Users/harrisoncramer/Desktop/Code/projects/ts_cloture.app.backend/client/src/App.tsx
FN:9,App
FN:10,(anonymous_1)
FNF:2
FNH:2
FNDA:1,App
FNDA:1,(anonymous_1)
DA:10,1
DA:12,1
DA:13,0
DA:14,0
DA:18,1
LF:5
LH:3
BRDA:12,0,0,0
BRDA:12,0,1,1
BRF:2
BRH:1
end_of_record
TN:
SF:/Users/harrisoncramer/Desktop/Code/projects/ts_cloture.app.backend/client/src/index.tsx
FNF:0
FNH:0
DA:5,0
LF:1
LH:0
BRF:0
BRH:0
end_of_record
TN:
SF:/Users/harrisoncramer/Desktop/Code/projects/ts_cloture.app.backend/client/src/components/Footer/index.tsx
FN:7,(anonymous_0)
FNF:1
FNH:1
FNDA:2,(anonymous_0)
DA:7,2
DA:8,2
LF:2
LH:2
BRF:0
BRH:0
end_of_record
TN:
SF:/Users/harrisoncramer/Desktop/Code/projects/ts_cloture.app.backend/client/src/components/Header/index.tsx
FN:11,Header
FN:14,(anonymous_1)
FN:18,(anonymous_2)
FNF:3
FNH:2
FNDA:5,Header
FNDA:0,(anonymous_1)
FNDA:1,(anonymous_2)
DA:11,2
DA:12,5
DA:14,5
DA:15,0
DA:18,5
DA:19,1
DA:22,5
LF:7
LH:6
BRF:0
BRH:0
end_of_record
TN:
SF:/Users/harrisoncramer/Desktop/Code/projects/ts_cloture.app.backend/client/src/components/Header/links.tsx
FN:14,Links
FN:18,(anonymous_1)
FN:25,(anonymous_2)
FN:26,(anonymous_3)
FNF:4
FNH:4
FNDA:7,Links
FNDA:1,(anonymous_1)
FNDA:19,(anonymous_2)
FNDA:1,(anonymous_3)
DA:18,7
DA:19,1
DA:20,1
DA:23,7
DA:26,19
LF:5
LH:5
BRF:0
BRH:0
end_of_record
TN:
SF:/Users/harrisoncramer/Desktop/Code/projects/ts_cloture.app.backend/client/src/components/ViewWrapper/index.tsx
FN:9,(anonymous_0)
FNF:1
FNH:1
FNDA:1,(anonymous_0)
DA:9,1
DA:10,1
LF:2
LH:2
BRF:0
BRH:0
end_of_record
TN:
SF:/Users/harrisoncramer/Desktop/Code/projects/ts_cloture.app.backend/client/src/graphql/client.ts
FN:12,(anonymous_0)
FN:14,(anonymous_1)
FNF:2
FNH:0
FNDA:0,(anonymous_0)
FNDA:0,(anonymous_1)
DA:10,1
DA:13,0
DA:14,0
DA:15,0
DA:19,0
LF:5
LH:1
BRDA:13,0,0,0
BRDA:13,0,1,0
BRDA:19,1,0,0
BRDA:19,1,1,0
BRF:4
BRH:0
end_of_record
TN:
SF:/Users/harrisoncramer/Desktop/Code/projects/ts_cloture.app.backend/client/src/history/index.ts
FNF:0
FNH:0
DA:3,2
LF:1
LH:1
BRF:0
BRH:0
end_of_record
TN:
SF:/Users/harrisoncramer/Desktop/Code/projects/ts_cloture.app.backend/client/src/routers/index.tsx
FN:11,(anonymous_0)
FN:14,(anonymous_1)
FN:15,(anonymous_2)
FN:16,(anonymous_3)
FNF:4
FNH:2
FNDA:1,(anonymous_0)
FNDA:1,(anonymous_1)
FNDA:0,(anonymous_2)
FNDA:0,(anonymous_3)
DA:11,1
DA:12,1
DA:14,1
DA:15,0
DA:16,0
LF:5
LH:3
BRF:0
BRH:0
end_of_record
TN:
SF:/Users/harrisoncramer/Desktop/Code/projects/ts_cloture.app.backend/client/src/views/About/index.tsx
FN:5,(anonymous_0)
FNF:1
FNH:1
FNDA:1,(anonymous_0)
DA:5,2
DA:6,1
LF:2
LH:2
BRF:0
BRH:0
end_of_record
TN:
SF:/Users/harrisoncramer/Desktop/Code/projects/ts_cloture.app.backend/client/src/views/Dashboard/index.tsx
FN:5,(anonymous_0)
FNF:1
FNH:1
FNDA:2,(anonymous_0)
DA:5,2
DA:6,2
LF:2
LH:2
BRF:0
BRH:0
end_of_record
TN:
SF:/Users/harrisoncramer/Desktop/Code/projects/ts_cloture.app.backend/client/src/views/NotFound/index.tsx
FN:5,(anonymous_0)
FNF:1
FNH:1
FNDA:1,(anonymous_0)
DA:5,2
DA:6,1
LF:2
LH:2
BRF:0
BRH:0
end_of_record
