TN:
SF:/Users/harrisoncramer/Desktop/Code/projects/ts_cloture.app.backend/client/src/components/Footer/index.tsx
FN:7,(anonymous_0)
FNF:1
FNH:1
FNDA:2,(anonymous_0)
DA:7,2
DA:8,2
LF:2
LH:2
BRF:0
BRH:0
end_of_record
TN:
SF:/Users/harrisoncramer/Desktop/Code/projects/ts_cloture.app.backend/client/src/components/Header/index.tsx
FN:10,Header
FN:13,(anonymous_1)
FN:17,handleDrawerToggle
FNF:3
FNH:2
FNDA:4,Header
FNDA:0,(anonymous_1)
FNDA:1,handleDrawerToggle
DA:10,2
DA:11,4
DA:13,4
DA:14,0
DA:18,1
DA:21,4
LF:6
LH:5
BRF:0
BRH:0
end_of_record
